<?xml version="1.0" encoding="UTF-8"?>
<!-- Generated by org.testng.reporters.JUnitXMLReporter -->
<testsuite ignored="10" hostname="Pankaj" failures="0" tests="6" name="Test" time="83.82" errors="0" timestamp="2023-03-30T15:13:06 IST">
  <testcase classname="TestCases.Verify_Header" name="header" time="4.547"/>
  <testcase classname="TestCases.Verify_Menu_Bar" name="MenuBar" time="4.886"/>
  <testcase classname="TestCases.Verify_Footers" name="footer" time="14.643"/>
  <testcase classname="TestCases.Verify_Login" name="login" time="1.883"/>
  <testcase classname="TestCases.Verify_Register" name="register" time="6.113"/>
  <testcase classname="TestCases.Verify_Adding_Project_To_Cart" name="AddingProjectToCart" time="8.081"/>
  <testcase classname="Resources.baseClass" name="@AfterSuite Aftersuite" time="0.0">
    <ignored/>
  </testcase> <!-- @AfterSuite Aftersuite -->
  <testcase classname="Resources.baseClass" name="@AfterSuite Aftersuite" time="0.0">
    <ignored/>
  </testcase> <!-- @AfterSuite Aftersuite -->
  <testcase classname="Resources.baseClass" name="@AfterSuite Aftersuite" time="0.0">
    <ignored/>
  </testcase> <!-- @AfterSuite Aftersuite -->
  <testcase classname="Resources.baseClass" name="@AfterSuite Aftersuite" time="0.0">
    <ignored/>
  </testcase> <!-- @AfterSuite Aftersuite -->
  <testcase classname="Resources.baseClass" name="@AfterSuite Aftersuite" time="0.0">
    <ignored/>
  </testcase> <!-- @AfterSuite Aftersuite -->
  <testcase classname="Resources.baseClass" name="@BeforeSuite Beforesuite" time="0.0">
    <ignored/>
  </testcase> <!-- @BeforeSuite Beforesuite -->
  <testcase classname="Resources.baseClass" name="@BeforeSuite Beforesuite" time="0.0">
    <ignored/>
  </testcase> <!-- @BeforeSuite Beforesuite -->
  <testcase classname="Resources.baseClass" name="@BeforeSuite Beforesuite" time="0.0">
    <ignored/>
  </testcase> <!-- @BeforeSuite Beforesuite -->
  <testcase classname="Resources.baseClass" name="@BeforeSuite Beforesuite" time="0.0">
    <ignored/>
  </testcase> <!-- @BeforeSuite Beforesuite -->
  <testcase classname="Resources.baseClass" name="@BeforeSuite Beforesuite" time="0.0">
    <ignored/>
  </testcase> <!-- @BeforeSuite Beforesuite -->
</testsuite> <!-- Test -->
